<?xml version="1.0" encoding="UTF-8"?>
<!-- Generated by org.testng.reporters.JUnitReportReporter -->
<testsuite skipped="0" hostname="DESKTOP-9RVS270" name="com.skillassure.happytrip.tests.ScheduleFlightTestCase5" tests="1" failures="0" timestamp="2020-07-08T23:43:28 IST" time="12.523" errors="0">
  <testcase name="ValidatedepartureDate" time="12.523" classname="com.skillassure.happytrip.tests.ScheduleFlightTestCase5"/>
  <system-out/>
</testsuite> <!-- com.skillassure.happytrip.tests.ScheduleFlightTestCase5 -->
