<?xml version="1.0" encoding="UTF-8"?>
<!-- Generated by org.testng.reporters.JUnitReportReporter -->
<testsuite skipped="0" hostname="DESKTOP-9RVS270" name="com.skillassure.happytrip.tests.ScheduleFlightTestCase4" tests="1" failures="0" timestamp="2020-07-08T16:50:35 IST" time="10.589" errors="0">
  <testcase name="validatedistance" time="10.589" classname="com.skillassure.happytrip.tests.ScheduleFlightTestCase4"/>
  <system-out/>
</testsuite> <!-- com.skillassure.happytrip.tests.ScheduleFlightTestCase4 -->
