<?xml version="1.0" encoding="UTF-8"?>
<!-- Generated by org.testng.reporters.JUnitReportReporter -->
<testsuite skipped="0" hostname="DESKTOP-9RVS270" name="com.skillassure.happytrip.tests.ScheduleFlightTestCase2" tests="1" failures="0" timestamp="2020-07-08T17:26:22 IST" time="9.933" errors="0">
  <testcase name="validateFlightSelect" time="9.933" classname="com.skillassure.happytrip.tests.ScheduleFlightTestCase2"/>
  <system-out/>
</testsuite> <!-- com.skillassure.happytrip.tests.ScheduleFlightTestCase2 -->
