<?xml version="1.0" encoding="UTF-8"?>
<!-- Generated by org.testng.reporters.JUnitReportReporter -->
<testsuite skipped="0" hostname="DESKTOP-9RVS270" name="com.skillassure.happytrip.tests.ScheduleFlightTestCase6" tests="1" failures="0" timestamp="2020-07-07T22:51:01 IST" time="13.861" errors="0">
  <testcase name="ValidatedepartureTime" time="13.861" classname="com.skillassure.happytrip.tests.ScheduleFlightTestCase6"/>
  <system-out/>
</testsuite> <!-- com.skillassure.happytrip.tests.ScheduleFlightTestCase6 -->
