<?xml version="1.0" encoding="UTF-8"?>
<!-- Generated by org.testng.reporters.JUnitReportReporter -->
<testsuite skipped="0" hostname="DESKTOP-9RVS270" name="com.skillassure.happytrip.tests.ScheduleFlightTestCase3" tests="1" failures="0" timestamp="2020-07-08T16:22:38 IST" time="10.930" errors="0">
  <testcase name="validateroutesdetails" time="10.930" classname="com.skillassure.happytrip.tests.ScheduleFlightTestCase3"/>
  <system-out/>
</testsuite> <!-- com.skillassure.happytrip.tests.ScheduleFlightTestCase3 -->
