<?xml version="1.0" encoding="UTF-8"?>
<!-- Generated by org.testng.reporters.JUnitReportReporter -->
<testsuite skipped="0" hostname="DESKTOP-9RVS270" name="com.skillassure.happytrip.tests.ScheduleFlightTestCase9" tests="1" failures="0" timestamp="2020-07-08T17:31:32 IST" time="11.039" errors="0">
  <testcase name="Validatebusinessfill" time="11.039" classname="com.skillassure.happytrip.tests.ScheduleFlightTestCase9"/>
  <system-out/>
</testsuite> <!-- com.skillassure.happytrip.tests.ScheduleFlightTestCase9 -->
