<?xml version="1.0" encoding="UTF-8"?>
<!-- Generated by org.testng.reporters.JUnitReportReporter -->
<testsuite skipped="0" hostname="DESKTOP-9RVS270" name="com.skillassure.happytrip.tests.ScheduleFlightTestCase7" tests="1" failures="0" timestamp="2020-07-07T23:57:55 IST" time="10.829" errors="0">
  <testcase name="validatearrivaldate" time="10.829" classname="com.skillassure.happytrip.tests.ScheduleFlightTestCase7"/>
  <system-out/>
</testsuite> <!-- com.skillassure.happytrip.tests.ScheduleFlightTestCase7 -->
