<?xml version="1.0" encoding="UTF-8"?>
<!-- Generated by org.testng.reporters.JUnitReportReporter -->
<testsuite skipped="0" hostname="DESKTOP-9RVS270" name="com.skillassure.happytrip.tests.ScheduleFlightTestCase5" tests="1" failures="0" timestamp="2020-07-07T23:57:55 IST" time="10.332" errors="0">
  <testcase name="ValidatedepartureDate" time="10.332" classname="com.skillassure.happytrip.tests.ScheduleFlightTestCase5"/>
  <system-out/>
</testsuite> <!-- com.skillassure.happytrip.tests.ScheduleFlightTestCase5 -->
